Using pre-set license
Built from '2023.2/staging' branch; Version is '2023.2.18f1 (1cb755715f58) revision 1881941'; Using compiler version '193431935'; Build Type 'Release'
OS: 'Windows 11  (10.0.22631) 64bit Professional' Language: 'es' Physical Memory: 65441 MB
BatchMode: 1, IsHumanControllingUs: 0, StartBugReporterOnCrash: 0, Is64bit: 1, IsPro: 1

COMMAND LINE ARGUMENTS:
C:\Program Files\Unity\Hub\Editor\2023.2.18f1\Editor\Unity.exe
-adb2
-batchMode
-noUpm
-name
AssetImportWorker3
-projectPath
H:/Unity/Chuuchuu
-logFile
Logs/AssetImportWorker3.log
-srvPort
51236
-job-worker-count
11
-background-job-worker-count
8
-asset-garbage-collectors
1
Successfully changed project path to: H:/Unity/Chuuchuu
H:/Unity/Chuuchuu
[UnityMemory] Configuration Parameters - Can be set up in boot.config
    "memorysetup-bucket-allocator-granularity=16"
    "memorysetup-bucket-allocator-bucket-count=8"
    "memorysetup-bucket-allocator-block-size=33554432"
    "memorysetup-bucket-allocator-block-count=8"
    "memorysetup-main-allocator-block-size=16777216"
    "memorysetup-thread-allocator-block-size=16777216"
    "memorysetup-gfx-main-allocator-block-size=16777216"
    "memorysetup-gfx-thread-allocator-block-size=16777216"
    "memorysetup-cache-allocator-block-size=4194304"
    "memorysetup-typetree-allocator-block-size=2097152"
    "memorysetup-profiler-bucket-allocator-granularity=16"
    "memorysetup-profiler-bucket-allocator-bucket-count=8"
    "memorysetup-profiler-bucket-allocator-block-size=33554432"
    "memorysetup-profiler-bucket-allocator-block-count=8"
    "memorysetup-profiler-allocator-block-size=16777216"
    "memorysetup-profiler-editor-allocator-block-size=1048576"
    "memorysetup-temp-allocator-size-main=16777216"
    "memorysetup-job-temp-allocator-block-size=2097152"
    "memorysetup-job-temp-allocator-block-size-background=1048576"
    "memorysetup-job-temp-allocator-reduction-small-platforms=262144"
    "memorysetup-allocator-temp-initial-block-size-main=262144"
    "memorysetup-allocator-temp-initial-block-size-worker=262144"
    "memorysetup-temp-allocator-size-background-worker=32768"
    "memorysetup-temp-allocator-size-job-worker=262144"
    "memorysetup-temp-allocator-size-preload-manager=33554432"
    "memorysetup-temp-allocator-size-nav-mesh-worker=65536"
    "memorysetup-temp-allocator-size-audio-worker=65536"
    "memorysetup-temp-allocator-size-cloud-worker=32768"
    "memorysetup-temp-allocator-size-gi-baking-worker=262144"
    "memorysetup-temp-allocator-size-gi-baking-worker=262144"
    "memorysetup-temp-allocator-size-gi-baking-worker=262144"
    "memorysetup-temp-allocator-size-gi-baking-worker=262144"
    "memorysetup-temp-allocator-size-gfx=262144"
Player connection [24124] Host "[IP] 192.168.1.55 [Port] 0 [Flags] 2 [Guid] 3063517769 [EditorId] 3063517769 [Version] 1048832 [Id] WindowsEditor(7,DESKTOP-KFD4UNI) [Debug] 1 [PackageName] WindowsEditor [ProjectName] Editor" joined multi-casting on [225.0.0.222:54997]...
Player connection [24124] Host "[IP] 192.168.1.55 [Port] 0 [Flags] 2 [Guid] 3063517769 [EditorId] 3063517769 [Version] 1048832 [Id] WindowsEditor(7,DESKTOP-KFD4UNI) [Debug] 1 [PackageName] WindowsEditor [ProjectName] Editor" joined alternative multi-casting on [225.0.0.222:34997]...
JobSystem: Creating JobQueue using job-worker-count value 11
[Physics::Module] Initialized MultithreadedJobDispatcher with 11 workers.
Library Redirect Path: Library/
Refreshing native plugins compatible for Editor in 2.04 ms, found 3 plugins.
Preloading 0 native plugins for Editor in 0.00 ms.
Initialize engine version: 2023.2.18f1 (1cb755715f58)
[Subsystems] Discovering subsystems at path C:/Program Files/Unity/Hub/Editor/2023.2.18f1/Editor/Data/Resources/UnitySubsystems
[Subsystems] Discovering subsystems at path H:/Unity/Chuuchuu/Assets
GfxDevice: creating device client; kGfxThreadingModeNonThreaded
Direct3D:
    Version:  Direct3D 11.0 [level 11.1]
    Renderer: NVIDIA GeForce RTX 3070 (ID=0x2488)
    Vendor:   NVIDIA
    VRAM:     8018 MB
    Driver:   32.0.15.5599
Initialize mono
Mono path[0] = 'C:/Program Files/Unity/Hub/Editor/2023.2.18f1/Editor/Data/Managed'
Mono path[1] = 'C:/Program Files/Unity/Hub/Editor/2023.2.18f1/Editor/Data/MonoBleedingEdge/lib/mono/unityjit-win32'
Mono config path = 'C:/Program Files/Unity/Hub/Editor/2023.2.18f1/Editor/Data/MonoBleedingEdge/etc'
Using monoOptions --debugger-agent=transport=dt_socket,embedding=1,server=y,suspend=n,address=127.0.0.1:56656
Begin MonoManager ReloadAssembly
C:\build\output\Unity-Technologies\mono\mono\metadata\icall.c:1842:
C:\build\output\Unity-Technologies\mono\mono\metadata\icall.c:1842:
C:\build\output\Unity-Technologies\mono\mono\metadata\icall.c:1842:
C:\build\output\Unity-Technologies\mono\mono\metadata\icall.c:1842:
C:\build\output\Unity-Technologies\mono\mono\metadata\icall.c:1842:
C:\build\output\Unity-Technologies\mono\mono\metadata\icall.c:1842:
C:\build\output\Unity-Technologies\mono\mono\metadata\icall.c:1842:
C:\build\output\Unity-Technologies\mono\mono\metadata\icall.c:1842:
C:\build\output\Unity-Technologies\mono\mono\metadata\icall.c:1842:
C:\build\output\Unity-Technologies\mono\mono\metadata\icall.c:1842:
Registering precompiled unity dll's ...
Register platform support module: C:/Program Files/Unity/Hub/Editor/2023.2.18f1/Editor/Data/PlaybackEngines/WebGLSupport/UnityEditor.WebGL.Extensions.dll
Register platform support module: C:/Program Files/Unity/Hub/Editor/2023.2.18f1/Editor/Data/PlaybackEngines/WindowsStandaloneSupport/UnityEditor.WindowsStandalone.Extensions.dll
Register platform support module: C:/Program Files/Unity/Hub/Editor/2023.2.18f1/Editor/Data/PlaybackEngines/MetroSupport/UnityEditor.UWP.Extensions.dll
Registered in 0.004699 seconds.
- Loaded All Assemblies, in  0.338 seconds
Native extension for UWP target not found
Native extension for WindowsStandalone target not found
Native extension for WebGL target not found
Mono: successfully reloaded assembly
C:\build\output\Unity-Technologies\mono\mono\metadata\icall.c:1842:
C:\build\output\Unity-Technologies\mono\mono\metadata\icall.c:1842:
- Finished resetting the current domain, in  0.285 seconds
Domain Reload Profiling: 620ms
	BeginReloadAssembly (111ms)
		ExecutionOrderSort (0ms)
		DisableScriptedObjects (0ms)
		BackupInstance (0ms)
		ReleaseScriptingObjects (0ms)
		CreateAndSetChildDomain (1ms)
	RebuildCommonClasses (30ms)
	RebuildNativeTypeToScriptingClass (14ms)
	initialDomainReloadingComplete (43ms)
	LoadAllAssembliesAndSetupDomain (137ms)
		LoadAssemblies (108ms)
		RebuildTransferFunctionScriptingTraits (0ms)
		AnalyzeDomain (134ms)
			TypeCache.Refresh (133ms)
				TypeCache.ScanAssembly (122ms)
			BuildScriptInfoCaches (0ms)
			ResolveRequiredComponents (0ms)
	FinalizeReload (285ms)
		ReleaseScriptCaches (0ms)
		RebuildScriptCaches (0ms)
		SetupLoadedEditorAssemblies (244ms)
			LogAssemblyErrors (0ms)
			InitializePlatformSupportModulesInManaged (37ms)
			SetLoadedEditorAssemblies (4ms)
			BeforeProcessingInitializeOnLoad (4ms)
			ProcessInitializeOnLoadAttributes (161ms)
			ProcessInitializeOnLoadMethodAttributes (38ms)
			AfterProcessingInitializeOnLoad (0ms)
			EditorAssembliesLoaded (0ms)
		ExecutionOrderSort2 (0ms)
		AwakeInstancesAfterBackupRestoration (0ms)
========================================================================
Worker process is ready to serve import requests
Import Worker Mode flag is 0x00
Begin MonoManager ReloadAssembly
C:\build\output\Unity-Technologies\mono\mono\metadata\icall.c:1842:
C:\build\output\Unity-Technologies\mono\mono\metadata\icall.c:1842:
C:\build\output\Unity-Technologies\mono\mono\metadata\icall.c:1842:
C:\build\output\Unity-Technologies\mono\mono\metadata\icall.c:1842:
C:\build\output\Unity-Technologies\mono\mono\metadata\icall.c:1842:
C:\build\output\Unity-Technologies\mono\mono\metadata\icall.c:1842:
C:\build\output\Unity-Technologies\mono\mono\metadata\icall.c:1842:
C:\build\output\Unity-Technologies\mono\mono\metadata\icall.c:1842:
C:\build\output\Unity-Technologies\mono\mono\metadata\icall.c:1842:
C:\build\output\Unity-Technologies\mono\mono\metadata\icall.c:1842:
C:\build\output\Unity-Technologies\mono\mono\metadata\icall.c:1842:
C:\build\output\Unity-Technologies\mono\mono\metadata\icall.c:1842:
Symbol file LoadedFromMemory doesn't match image H:\Unity\Chuuchuu\Library\PackageCache\com.unity.visualscripting@1.8.0\Editor\VisualScripting.Core\Dependencies\YamlDotNet\Unity.VisualScripting.YamlDotNet.dll
Symbol file LoadedFromMemory doesn't match image H:\Unity\Chuuchuu\Library\PackageCache\com.unity.visualscripting@1.8.0\Editor\VisualScripting.Core\Dependencies\DotNetZip\Unity.VisualScripting.IonicZip.dll
- Loaded All Assemblies, in  0.849 seconds
Refreshing native plugins compatible for Editor in 1.57 ms, found 3 plugins.
Native extension for UWP target not found
Native extension for WindowsStandalone target not found
Native extension for WebGL target not found
Mono: successfully reloaded assembly
Package Manager log level set to [2]
[Package Manager] Failed to launch server process. Reason: Unity was launched with the -noUpm command-line argument
[Package Manager] Unable to send message (not connected to server process).
[Package Manager] Cannot connect to Unity Package Manager local server
[Package Manager] Failed to launch server process. Reason: Unity was launched with the -noUpm command-line argument
[Package Manager] Unable to send message (not connected to server process).
[Package Manager] Cannot connect to Unity Package Manager local server
- Finished resetting the current domain, in  0.839 seconds
Domain Reload Profiling: 1684ms
	BeginReloadAssembly (316ms)
		ExecutionOrderSort (0ms)
		DisableScriptedObjects (5ms)
		BackupInstance (0ms)
		ReleaseScriptingObjects (0ms)
		CreateAndSetChildDomain (31ms)
	RebuildCommonClasses (30ms)
	RebuildNativeTypeToScriptingClass (10ms)
	initialDomainReloadingComplete (38ms)
	LoadAllAssembliesAndSetupDomain (452ms)
		LoadAssemblies (309ms)
		RebuildTransferFunctionScriptingTraits (0ms)
		AnalyzeDomain (228ms)
			TypeCache.Refresh (168ms)
				TypeCache.ScanAssembly (151ms)
			BuildScriptInfoCaches (47ms)
			ResolveRequiredComponents (10ms)
	FinalizeReload (839ms)
		ReleaseScriptCaches (0ms)
		RebuildScriptCaches (0ms)
		SetupLoadedEditorAssemblies (606ms)
			LogAssemblyErrors (0ms)
			InitializePlatformSupportModulesInManaged (10ms)
			SetLoadedEditorAssemblies (3ms)
			BeforeProcessingInitializeOnLoad (59ms)
			ProcessInitializeOnLoadAttributes (500ms)
			ProcessInitializeOnLoadMethodAttributes (29ms)
			AfterProcessingInitializeOnLoad (5ms)
			EditorAssembliesLoaded (0ms)
		ExecutionOrderSort2 (0ms)
		AwakeInstancesAfterBackupRestoration (7ms)
Launched and connected shader compiler UnityShaderCompiler.exe after 0.01 seconds
Refreshing native plugins compatible for Editor in 3.47 ms, found 3 plugins.
Preloading 0 native plugins for Editor in 0.00 ms.
Unloading 225 Unused Serialized files (Serialized files now loaded: 0)
Unloading 6464 unused Assets / (7.4 MB). Loaded Objects now: 7196.
Memory consumption went from 266.1 MB to 258.7 MB.
Total: 18.910700 ms (FindLiveObjects: 1.487800 ms CreateObjectMapping: 1.023500 ms MarkObjects: 9.611000 ms  DeleteObjects: 6.787000 ms)

========================================================================
Received Import Request.
  Time since last request: 3801.177077 seconds.
  path: Assets/PLAYER TWO/Platformer Project/Examples/Textures/Models/reflection.png
  artifactKey: Guid(efdec1244901e6444b74c19de5187e5c) Importer(815301076,1909f56bfc062723c751e8b465ee728b)
Start importing Assets/PLAYER TWO/Platformer Project/Examples/Textures/Models/reflection.png using Guid(efdec1244901e6444b74c19de5187e5c) Importer(815301076,1909f56bfc062723c751e8b465ee728b) (PreviewImporter) -> (artifact id: '002d84b0b0696add54609b661e06d067') in 0.3341384 seconds
Number of updated asset objects reloaded before import = 0Number of asset objects unloaded after import = 33

========================================================================
Received Import Request.
  Time since last request: 0.000026 seconds.
  path: Assets/PLAYER TWO/Platformer Project/Examples/Textures/Models/crate_with_heart.png
  artifactKey: Guid(a007168266e5c23499a408546a84cfe5) Importer(815301076,1909f56bfc062723c751e8b465ee728b)
Start importing Assets/PLAYER TWO/Platformer Project/Examples/Textures/Models/crate_with_heart.png using Guid(a007168266e5c23499a408546a84cfe5) Importer(815301076,1909f56bfc062723c751e8b465ee728b) (PreviewImporter) -> (artifact id: '0f413654a8b823df4f7bb878011a931b') in 0.014609 seconds
Number of updated asset objects reloaded before import = 0Number of asset objects unloaded after import = 2

========================================================================
Received Import Request.
  Time since last request: 0.000039 seconds.
  path: Assets/PLAYER TWO/Platformer Project/Examples/Textures/Models/flowers.png
  artifactKey: Guid(00afe5c7b8c886642bc0d6606b3f2ebf) Importer(815301076,1909f56bfc062723c751e8b465ee728b)
Start importing Assets/PLAYER TWO/Platformer Project/Examples/Textures/Models/flowers.png using Guid(00afe5c7b8c886642bc0d6606b3f2ebf) Importer(815301076,1909f56bfc062723c751e8b465ee728b) (PreviewImporter) -> (artifact id: '58ae01c4a01dc31a091e693fd25d8005') in 0.0108928 seconds
Number of updated asset objects reloaded before import = 0Number of asset objects unloaded after import = 2

========================================================================
Received Import Request.
  Time since last request: 0.000022 seconds.
  path: Assets/PLAYER TWO/Platformer Project/Examples/Textures/Models/grid_platform.png
  artifactKey: Guid(b286ca1cfa30ab5488f60c81276be301) Importer(815301076,1909f56bfc062723c751e8b465ee728b)
Start importing Assets/PLAYER TWO/Platformer Project/Examples/Textures/Models/grid_platform.png using Guid(b286ca1cfa30ab5488f60c81276be301) Importer(815301076,1909f56bfc062723c751e8b465ee728b) (PreviewImporter) -> (artifact id: '5ca72232b614a5b98587012b78d2686f') in 0.0098669 seconds
Number of updated asset objects reloaded before import = 0Number of asset objects unloaded after import = 2

========================================================================
Received Import Request.
  Time since last request: 0.000024 seconds.
  path: Assets/PLAYER TWO/Platformer Project/Examples/Textures/Models/spikes.png
  artifactKey: Guid(a588103b2f5e4694da7d4ee0af5b3d2a) Importer(815301076,1909f56bfc062723c751e8b465ee728b)
Start importing Assets/PLAYER TWO/Platformer Project/Examples/Textures/Models/spikes.png using Guid(a588103b2f5e4694da7d4ee0af5b3d2a) Importer(815301076,1909f56bfc062723c751e8b465ee728b) (PreviewImporter) -> (artifact id: 'e58772745c76f7b68cfb731557f93a9a') in 0.0177712 seconds
Number of updated asset objects reloaded before import = 0Number of asset objects unloaded after import = 2

========================================================================
Received Import Request.
  Time since last request: 0.000023 seconds.
  path: Assets/Quibli/Demos/Nature/Materials/NatureScene_Pole 1.mat
  artifactKey: Guid(af1e22230cad44ef29743b9a9df3a4f5) Importer(815301076,1909f56bfc062723c751e8b465ee728b)
Start importing Assets/Quibli/Demos/Nature/Materials/NatureScene_Pole 1.mat using Guid(af1e22230cad44ef29743b9a9df3a4f5) Importer(815301076,1909f56bfc062723c751e8b465ee728b) (PreviewImporter) -> (artifact id: 'f61aaee327ddf4bb43e396050c7860be') in 0.5749753 seconds
Number of updated asset objects reloaded before import = 0Number of asset objects unloaded after import = 24

========================================================================
Received Prepare
Refreshing native plugins compatible for Editor in 2.94 ms, found 3 plugins.
Preloading 0 native plugins for Editor in 0.00 ms.
Unloading 36 Unused Serialized files (Serialized files now loaded: 0)
Unloading 34 unused Assets / (4.0 MB). Loaded Objects now: 7461.
Memory consumption went from 225.9 MB to 221.9 MB.
Total: 13.694700 ms (FindLiveObjects: 0.636400 ms CreateObjectMapping: 0.247500 ms MarkObjects: 11.414800 ms  DeleteObjects: 1.394900 ms)

Prepare: number of updated asset objects reloaded= 0
========================================================================
Received Import Request.
  Time since last request: 74.165831 seconds.
  path: Assets/Quibli/Demos/Nature/Materials/NatureScene_Pole 1.mat
  artifactKey: Guid(af1e22230cad44ef29743b9a9df3a4f5) Importer(815301076,1909f56bfc062723c751e8b465ee728b)
Start importing Assets/Quibli/Demos/Nature/Materials/NatureScene_Pole 1.mat using Guid(af1e22230cad44ef29743b9a9df3a4f5) Importer(815301076,1909f56bfc062723c751e8b465ee728b) (PreviewImporter) -> (artifact id: 'd9162254e02ae1d145124da38f12b1b1') in 0.0573291 seconds
Number of updated asset objects reloaded before import = 0Number of asset objects unloaded after import = 35

========================================================================
Received Import Request.
  Time since last request: 0.000034 seconds.
  path: Assets/Quibli/Demos/Nature/Materials/NatureScene_Pole 2.mat
  artifactKey: Guid(e24c7768ee85145aaae700eacc8890c0) Importer(815301076,1909f56bfc062723c751e8b465ee728b)
Start importing Assets/Quibli/Demos/Nature/Materials/NatureScene_Pole 2.mat using Guid(e24c7768ee85145aaae700eacc8890c0) Importer(815301076,1909f56bfc062723c751e8b465ee728b) (PreviewImporter) -> (artifact id: '556f06e71f8f158019f4e9935ae9b28e') in 0.0136446 seconds
Number of updated asset objects reloaded before import = 0Number of asset objects unloaded after import = 24

========================================================================
Received Import Request.
  Time since last request: 0.000042 seconds.
  path: Assets/Quibli/Demos/Nature/Materials/NatureScene_Pole 3.mat
  artifactKey: Guid(54f1d68280c1941f2b93ff899ac519d2) Importer(815301076,1909f56bfc062723c751e8b465ee728b)
Start importing Assets/Quibli/Demos/Nature/Materials/NatureScene_Pole 3.mat using Guid(54f1d68280c1941f2b93ff899ac519d2) Importer(815301076,1909f56bfc062723c751e8b465ee728b) (PreviewImporter) -> (artifact id: 'e4deea3ba812a22cb1cb25f08881924c') in 0.5885161 seconds
Number of updated asset objects reloaded before import = 0Number of asset objects unloaded after import = 24

========================================================================
Received Import Request.
  Time since last request: 0.000025 seconds.
  path: Assets/PLAYER TWO/Platformer Project/Examples/Prefabs/Prototype/Pole.prefab
  artifactKey: Guid(0059383e189dc14489388db437941e22) Importer(815301076,1909f56bfc062723c751e8b465ee728b)
Start importing Assets/PLAYER TWO/Platformer Project/Examples/Prefabs/Prototype/Pole.prefab using Guid(0059383e189dc14489388db437941e22) Importer(815301076,1909f56bfc062723c751e8b465ee728b) (PreviewImporter) -> (artifact id: 'e04ad9e52c6f145513bcd1dfc8f4161e') in 0.4631108 seconds
Number of updated asset objects reloaded before import = 0Number of asset objects unloaded after import = 34

========================================================================
Received Import Request.
  Time since last request: 138.487051 seconds.
  path: Assets/PLAYER TWO/Platformer Project/Examples/Textures/Models/checkpoint.png
  artifactKey: Guid(a2137a55bf1cfa0418d58e740b1999a1) Importer(815301076,1909f56bfc062723c751e8b465ee728b)
Start importing Assets/PLAYER TWO/Platformer Project/Examples/Textures/Models/checkpoint.png using Guid(a2137a55bf1cfa0418d58e740b1999a1) Importer(815301076,1909f56bfc062723c751e8b465ee728b) (PreviewImporter) -> (artifact id: '96fa748dccbff0551afaa77d3be96153') in 0.0108294 seconds
Number of updated asset objects reloaded before import = 0Number of asset objects unloaded after import = 2

========================================================================
Received Import Request.
  Time since last request: 0.000025 seconds.
  path: Assets/Quibli/Demos/Kitchenware/Kitchenware Materials Sets/Kitchenware Materials 02 Glossy Blends Vibrant/Kitchenware_02_Mug.mat
  artifactKey: Guid(c35c31dd2dc9d4f658b475efe7641a8c) Importer(815301076,1909f56bfc062723c751e8b465ee728b)
Start importing Assets/Quibli/Demos/Kitchenware/Kitchenware Materials Sets/Kitchenware Materials 02 Glossy Blends Vibrant/Kitchenware_02_Mug.mat using Guid(c35c31dd2dc9d4f658b475efe7641a8c) Importer(815301076,1909f56bfc062723c751e8b465ee728b) (PreviewImporter) -> (artifact id: 'f0ed9f894a5e9107f8c58efdb46d1c8a') in 0.1733831 seconds
Number of updated asset objects reloaded before import = 0Number of asset objects unloaded after import = 24

========================================================================
Received Import Request.
  Time since last request: 0.000021 seconds.
  path: Assets/Quibli/Demos/Kitchenware/Kitchenware Materials Sets/Kitchenware Materials 01 Matte Vibrant/Kitchenware_01_Vase05.mat
  artifactKey: Guid(4e48e79ec01b847759cde098b9a281c8) Importer(815301076,1909f56bfc062723c751e8b465ee728b)
Start importing Assets/Quibli/Demos/Kitchenware/Kitchenware Materials Sets/Kitchenware Materials 01 Matte Vibrant/Kitchenware_01_Vase05.mat using Guid(4e48e79ec01b847759cde098b9a281c8) Importer(815301076,1909f56bfc062723c751e8b465ee728b) (PreviewImporter) -> (artifact id: '87251cf980e6b30c12bf2257b342fb57') in 0.0179423 seconds
Number of updated asset objects reloaded before import = 0Number of asset objects unloaded after import = 24

========================================================================
Received Import Request.
  Time since last request: 0.000029 seconds.
  path: Assets/Quibli/Demos/Kitchenware/Kitchenware Materials Sets/Kitchenware Materials 01 Matte Vibrant/Kitchenware_01_Mug.mat
  artifactKey: Guid(77eae9bd6027649e1b86639e4bb84fa9) Importer(815301076,1909f56bfc062723c751e8b465ee728b)
Start importing Assets/Quibli/Demos/Kitchenware/Kitchenware Materials Sets/Kitchenware Materials 01 Matte Vibrant/Kitchenware_01_Mug.mat using Guid(77eae9bd6027649e1b86639e4bb84fa9) Importer(815301076,1909f56bfc062723c751e8b465ee728b) (PreviewImporter) -> (artifact id: 'e647f5267a177713a54b6d0a325d39ae') in 0.0153406 seconds
Number of updated asset objects reloaded before import = 0Number of asset objects unloaded after import = 24

========================================================================
Received Import Request.
  Time since last request: 0.000023 seconds.
  path: Assets/Quibli/Demos/Kitchenware/Kitchenware Materials Sets/Kitchenware Materials 01 Matte Vibrant/Kitchenware_01_Vase06.mat
  artifactKey: Guid(8287e6f8e72104246b8b8a1f3bbe3c96) Importer(815301076,1909f56bfc062723c751e8b465ee728b)
Start importing Assets/Quibli/Demos/Kitchenware/Kitchenware Materials Sets/Kitchenware Materials 01 Matte Vibrant/Kitchenware_01_Vase06.mat using Guid(8287e6f8e72104246b8b8a1f3bbe3c96) Importer(815301076,1909f56bfc062723c751e8b465ee728b) (PreviewImporter) -> (artifact id: '6787bb36948fad5de2a959421903a9c8') in 0.0165749 seconds
Number of updated asset objects reloaded before import = 0Number of asset objects unloaded after import = 24

========================================================================
Received Import Request.
  Time since last request: 0.000022 seconds.
  path: Assets/Quibli/Demos/[Common]/Textures/Foliage - Contour Textures/Foliage_Contour_PinelikeBranches.png
  artifactKey: Guid(cdc331b658fd240a1a9e0a0b43f28baf) Importer(815301076,1909f56bfc062723c751e8b465ee728b)
Start importing Assets/Quibli/Demos/[Common]/Textures/Foliage - Contour Textures/Foliage_Contour_PinelikeBranches.png using Guid(cdc331b658fd240a1a9e0a0b43f28baf) Importer(815301076,1909f56bfc062723c751e8b465ee728b) (PreviewImporter) -> (artifact id: '8c355d411ce51e2346d9de8296fd64e3') in 0.0206264 seconds
Number of updated asset objects reloaded before import = 0Number of asset objects unloaded after import = 2

========================================================================
Received Import Request.
  Time since last request: 0.000024 seconds.
  path: Assets/Quibli/Demos/Kitchenware/Kitchenware Materials Sets/Kitchenware Materials 01 Matte Vibrant/Kitchenware_01_Vase03.mat
  artifactKey: Guid(4b50c94a300ab4f2b80e2ab3501bb838) Importer(815301076,1909f56bfc062723c751e8b465ee728b)
Start importing Assets/Quibli/Demos/Kitchenware/Kitchenware Materials Sets/Kitchenware Materials 01 Matte Vibrant/Kitchenware_01_Vase03.mat using Guid(4b50c94a300ab4f2b80e2ab3501bb838) Importer(815301076,1909f56bfc062723c751e8b465ee728b) (PreviewImporter) -> (artifact id: '5c288d80c96cd748bde9f52b26ee15c7') in 0.0153181 seconds
Number of updated asset objects reloaded before import = 0Number of asset objects unloaded after import = 24

========================================================================
Received Import Request.
  Time since last request: 0.000023 seconds.
  path: Assets/Quibli/Demos/Kitchenware/Kitchenware Materials Sets/Kitchenware Materials 01 Matte Vibrant/Kitchenware_01_Vase04.mat
  artifactKey: Guid(48e600ee81280408fabfc36a0fb6bc15) Importer(815301076,1909f56bfc062723c751e8b465ee728b)
Start importing Assets/Quibli/Demos/Kitchenware/Kitchenware Materials Sets/Kitchenware Materials 01 Matte Vibrant/Kitchenware_01_Vase04.mat using Guid(48e600ee81280408fabfc36a0fb6bc15) Importer(815301076,1909f56bfc062723c751e8b465ee728b) (PreviewImporter) -> (artifact id: '4045cbeaf4bc899c8ce1332d4b33d0b1') in 0.0154935 seconds
Number of updated asset objects reloaded before import = 0Number of asset objects unloaded after import = 24

========================================================================
Received Import Request.
  Time since last request: 0.000025 seconds.
  path: Assets/Quibli/Demos/Kitchenware/Kitchenware Materials Sets/Kitchenware Materials 01 Matte Vibrant/Kitchenware_01_Vase07.mat
  artifactKey: Guid(7e6268516805947fbaa53e6f4bf636c9) Importer(815301076,1909f56bfc062723c751e8b465ee728b)
Start importing Assets/Quibli/Demos/Kitchenware/Kitchenware Materials Sets/Kitchenware Materials 01 Matte Vibrant/Kitchenware_01_Vase07.mat using Guid(7e6268516805947fbaa53e6f4bf636c9) Importer(815301076,1909f56bfc062723c751e8b465ee728b) (PreviewImporter) -> (artifact id: '49a0025ba12f8bf55d900d9a7f9f45bd') in 0.0160663 seconds
Number of updated asset objects reloaded before import = 0Number of asset objects unloaded after import = 24

========================================================================
Received Import Request.
  Time since last request: 0.000021 seconds.
  path: Assets/Quibli/Demos/Kitchenware/Kitchenware Materials Sets/Kitchenware Materials 01 Matte Vibrant/Kitchenware_01_Spoon01.mat
  artifactKey: Guid(d9787a9e31fa14cac928648f6f933777) Importer(815301076,1909f56bfc062723c751e8b465ee728b)
Start importing Assets/Quibli/Demos/Kitchenware/Kitchenware Materials Sets/Kitchenware Materials 01 Matte Vibrant/Kitchenware_01_Spoon01.mat using Guid(d9787a9e31fa14cac928648f6f933777) Importer(815301076,1909f56bfc062723c751e8b465ee728b) (PreviewImporter) -> (artifact id: '0bee545570a28cbe50a333a9c256ee64') in 0.025781 seconds
Number of updated asset objects reloaded before import = 0Number of asset objects unloaded after import = 24

========================================================================
Received Import Request.
  Time since last request: 0.000028 seconds.
  path: Assets/Quibli/Demos/Kitchenware/Kitchenware Materials Sets/Kitchenware Materials 01 Matte Vibrant/Kitchenware_01_Skybox.mat
  artifactKey: Guid(4b460ec14f34e467a8d8e1ba86b46d51) Importer(815301076,1909f56bfc062723c751e8b465ee728b)
Start importing Assets/Quibli/Demos/Kitchenware/Kitchenware Materials Sets/Kitchenware Materials 01 Matte Vibrant/Kitchenware_01_Skybox.mat using Guid(4b460ec14f34e467a8d8e1ba86b46d51) Importer(815301076,1909f56bfc062723c751e8b465ee728b) (PreviewImporter) -> (artifact id: '9053a49d9fe60fb514c2bee8661a66b6') in 0.016983 seconds
Number of updated asset objects reloaded before import = 0Number of asset objects unloaded after import = 24

========================================================================
Received Import Request.
  Time since last request: 0.000030 seconds.
  path: Assets/Quibli/Demos/Kitchenware/Kitchenware Materials Sets/Kitchenware Materials 02 Glossy Blends Vibrant/Kitchenware_02_Vase02.mat
  artifactKey: Guid(aad7e75fa220347b28a3a190d4f1ee0b) Importer(815301076,1909f56bfc062723c751e8b465ee728b)
Start importing Assets/Quibli/Demos/Kitchenware/Kitchenware Materials Sets/Kitchenware Materials 02 Glossy Blends Vibrant/Kitchenware_02_Vase02.mat using Guid(aad7e75fa220347b28a3a190d4f1ee0b) Importer(815301076,1909f56bfc062723c751e8b465ee728b) (PreviewImporter) -> (artifact id: '83053e349e05e98c6cb11076b27b04d1') in 0.0157692 seconds
Number of updated asset objects reloaded before import = 0Number of asset objects unloaded after import = 24

========================================================================
Received Import Request.
  Time since last request: 0.000035 seconds.
  path: Assets/Quibli/Demos/Kitchenware/Kitchenware Materials Sets/Kitchenware Materials 01 Matte Vibrant/Kitchenware_01_Spoon02.mat
  artifactKey: Guid(c56f1d31e88c443c79cbe72c8e00616d) Importer(815301076,1909f56bfc062723c751e8b465ee728b)
Start importing Assets/Quibli/Demos/Kitchenware/Kitchenware Materials Sets/Kitchenware Materials 01 Matte Vibrant/Kitchenware_01_Spoon02.mat using Guid(c56f1d31e88c443c79cbe72c8e00616d) Importer(815301076,1909f56bfc062723c751e8b465ee728b) (PreviewImporter) -> (artifact id: 'af61e276a7e0eb128f993d92a44d08a3') in 0.0158514 seconds
Number of updated asset objects reloaded before import = 0Number of asset objects unloaded after import = 24

========================================================================
Received Import Request.
  Time since last request: 0.000019 seconds.
  path: Assets/Quibli/Demos/Kitchenware/Kitchenware Materials Sets/Kitchenware Materials 01 Matte Vibrant/Kitchenware_01_Vase01.mat
  artifactKey: Guid(a2de6c0d13c784ffe8bed015438e5f8f) Importer(815301076,1909f56bfc062723c751e8b465ee728b)
Start importing Assets/Quibli/Demos/Kitchenware/Kitchenware Materials Sets/Kitchenware Materials 01 Matte Vibrant/Kitchenware_01_Vase01.mat using Guid(a2de6c0d13c784ffe8bed015438e5f8f) Importer(815301076,1909f56bfc062723c751e8b465ee728b) (PreviewImporter) -> (artifact id: 'd6e00c9f0ed25ea6e8e6acdd6037ce00') in 0.0172412 seconds
Number of updated asset objects reloaded before import = 0Number of asset objects unloaded after import = 24

========================================================================
Received Import Request.
  Time since last request: 0.000020 seconds.
  path: Assets/Quibli/Demos/Kitchenware/Kitchenware Materials Sets/Kitchenware Materials 02 Glossy Blends Vibrant/Kitchenware_02_Spoon01.mat
  artifactKey: Guid(940fdac609a674020ae2928372dd9dcb) Importer(815301076,1909f56bfc062723c751e8b465ee728b)
Start importing Assets/Quibli/Demos/Kitchenware/Kitchenware Materials Sets/Kitchenware Materials 02 Glossy Blends Vibrant/Kitchenware_02_Spoon01.mat using Guid(940fdac609a674020ae2928372dd9dcb) Importer(815301076,1909f56bfc062723c751e8b465ee728b) (PreviewImporter) -> (artifact id: '4055841462f5c23826146838856826af') in 0.0156711 seconds
Number of updated asset objects reloaded before import = 0Number of asset objects unloaded after import = 24

========================================================================
Received Import Request.
  Time since last request: 0.000030 seconds.
  path: Assets/Quibli/Demos/Kitchenware/Kitchenware Materials Sets/Kitchenware Materials 01 Matte Vibrant/Kitchenware_01_Vase02.mat
  artifactKey: Guid(b039d75a8f4b1444f98101c0a8ccd907) Importer(815301076,1909f56bfc062723c751e8b465ee728b)
Start importing Assets/Quibli/Demos/Kitchenware/Kitchenware Materials Sets/Kitchenware Materials 01 Matte Vibrant/Kitchenware_01_Vase02.mat using Guid(b039d75a8f4b1444f98101c0a8ccd907) Importer(815301076,1909f56bfc062723c751e8b465ee728b) (PreviewImporter) -> (artifact id: '7bc1fedc0f74300ebbd083bf89c399c8') in 0.0174829 seconds
Number of updated asset objects reloaded before import = 0Number of asset objects unloaded after import = 24

========================================================================
Received Import Request.
  Time since last request: 0.000025 seconds.
  path: Assets/Quibli/Demos/Kitchenware/Kitchenware Materials Sets/Kitchenware Materials 02 Glossy Blends Vibrant/Kitchenware_02_Vase04.mat
  artifactKey: Guid(60bcc0b54e9304025b0bcbd2a3704cf7) Importer(815301076,1909f56bfc062723c751e8b465ee728b)
Start importing Assets/Quibli/Demos/Kitchenware/Kitchenware Materials Sets/Kitchenware Materials 02 Glossy Blends Vibrant/Kitchenware_02_Vase04.mat using Guid(60bcc0b54e9304025b0bcbd2a3704cf7) Importer(815301076,1909f56bfc062723c751e8b465ee728b) (PreviewImporter) -> (artifact id: 'a10d13ef6918200d8389b5c330500120') in 0.0153882 seconds
Number of updated asset objects reloaded before import = 0Number of asset objects unloaded after import = 24

========================================================================
Received Import Request.
  Time since last request: 0.000030 seconds.
  path: Assets/Quibli/Demos/Kitchenware/Kitchenware Materials Sets/Kitchenware Materials 02 Glossy Blends Vibrant/Kitchenware_02_Skybox.mat
  artifactKey: Guid(55ff98782896c46a6a54918af7d2c0e1) Importer(815301076,1909f56bfc062723c751e8b465ee728b)
Start importing Assets/Quibli/Demos/Kitchenware/Kitchenware Materials Sets/Kitchenware Materials 02 Glossy Blends Vibrant/Kitchenware_02_Skybox.mat using Guid(55ff98782896c46a6a54918af7d2c0e1) Importer(815301076,1909f56bfc062723c751e8b465ee728b) (PreviewImporter) -> (artifact id: 'dba82574ce8a95d15535a26ddd0c03bb') in 0.015975 seconds
Number of updated asset objects reloaded before import = 0Number of asset objects unloaded after import = 24

Editor requested this worker to shutdown with reason: Scaling down because of idle timeout
AssetImportWorker is now disconnected from the server
Process exiting
Exiting without the bug reporter. Application will terminate with return code 0