Using pre-set license
Built from '2023.2/staging' branch; Version is '2023.2.18f1 (1cb755715f58) revision 1881941'; Using compiler version '193431935'; Build Type 'Release'
OS: 'Windows 11  (10.0.22631) 64bit Professional' Language: 'es' Physical Memory: 65441 MB
BatchMode: 1, IsHumanControllingUs: 0, StartBugReporterOnCrash: 0, Is64bit: 1, IsPro: 1

COMMAND LINE ARGUMENTS:
C:\Program Files\Unity\Hub\Editor\2023.2.18f1\Editor\Unity.exe
-adb2
-batchMode
-noUpm
-name
AssetImportWorker8
-projectPath
H:/Unity/Chuuchuu
-logFile
Logs/AssetImportWorker8.log
-srvPort
51236
-job-worker-count
11
-background-job-worker-count
8
-asset-garbage-collectors
1
Successfully changed project path to: H:/Unity/Chuuchuu
H:/Unity/Chuuchuu
[UnityMemory] Configuration Parameters - Can be set up in boot.config
    "memorysetup-bucket-allocator-granularity=16"
    "memorysetup-bucket-allocator-bucket-count=8"
    "memorysetup-bucket-allocator-block-size=33554432"
    "memorysetup-bucket-allocator-block-count=8"
    "memorysetup-main-allocator-block-size=16777216"
    "memorysetup-thread-allocator-block-size=16777216"
    "memorysetup-gfx-main-allocator-block-size=16777216"
    "memorysetup-gfx-thread-allocator-block-size=16777216"
    "memorysetup-cache-allocator-block-size=4194304"
    "memorysetup-typetree-allocator-block-size=2097152"
    "memorysetup-profiler-bucket-allocator-granularity=16"
    "memorysetup-profiler-bucket-allocator-bucket-count=8"
    "memorysetup-profiler-bucket-allocator-block-size=33554432"
    "memorysetup-profiler-bucket-allocator-block-count=8"
    "memorysetup-profiler-allocator-block-size=16777216"
    "memorysetup-profiler-editor-allocator-block-size=1048576"
    "memorysetup-temp-allocator-size-main=16777216"
    "memorysetup-job-temp-allocator-block-size=2097152"
    "memorysetup-job-temp-allocator-block-size-background=1048576"
    "memorysetup-job-temp-allocator-reduction-small-platforms=262144"
    "memorysetup-allocator-temp-initial-block-size-main=262144"
    "memorysetup-allocator-temp-initial-block-size-worker=262144"
    "memorysetup-temp-allocator-size-background-worker=32768"
    "memorysetup-temp-allocator-size-job-worker=262144"
    "memorysetup-temp-allocator-size-preload-manager=33554432"
    "memorysetup-temp-allocator-size-nav-mesh-worker=65536"
    "memorysetup-temp-allocator-size-audio-worker=65536"
    "memorysetup-temp-allocator-size-cloud-worker=32768"
    "memorysetup-temp-allocator-size-gi-baking-worker=262144"
    "memorysetup-temp-allocator-size-gi-baking-worker=262144"
    "memorysetup-temp-allocator-size-gi-baking-worker=262144"
    "memorysetup-temp-allocator-size-gi-baking-worker=262144"
    "memorysetup-temp-allocator-size-gfx=262144"
Player connection [4900] Host "[IP] 192.168.1.55 [Port] 0 [Flags] 2 [Guid] 2792610737 [EditorId] 2792610737 [Version] 1048832 [Id] WindowsEditor(7,DESKTOP-KFD4UNI) [Debug] 1 [PackageName] WindowsEditor [ProjectName] Editor" joined multi-casting on [225.0.0.222:54997]...
Player connection [4900] Host "[IP] 192.168.1.55 [Port] 0 [Flags] 2 [Guid] 2792610737 [EditorId] 2792610737 [Version] 1048832 [Id] WindowsEditor(7,DESKTOP-KFD4UNI) [Debug] 1 [PackageName] WindowsEditor [ProjectName] Editor" joined alternative multi-casting on [225.0.0.222:34997]...
JobSystem: Creating JobQueue using job-worker-count value 11
[Physics::Module] Initialized MultithreadedJobDispatcher with 11 workers.
Library Redirect Path: Library/
Refreshing native plugins compatible for Editor in 2.60 ms, found 3 plugins.
Preloading 0 native plugins for Editor in 0.00 ms.
Initialize engine version: 2023.2.18f1 (1cb755715f58)
[Subsystems] Discovering subsystems at path C:/Program Files/Unity/Hub/Editor/2023.2.18f1/Editor/Data/Resources/UnitySubsystems
[Subsystems] Discovering subsystems at path H:/Unity/Chuuchuu/Assets
GfxDevice: creating device client; kGfxThreadingModeNonThreaded
Direct3D:
    Version:  Direct3D 11.0 [level 11.1]
    Renderer: NVIDIA GeForce RTX 3070 (ID=0x2488)
    Vendor:   NVIDIA
    VRAM:     8018 MB
    Driver:   32.0.15.5599
Initialize mono
Mono path[0] = 'C:/Program Files/Unity/Hub/Editor/2023.2.18f1/Editor/Data/Managed'
Mono path[1] = 'C:/Program Files/Unity/Hub/Editor/2023.2.18f1/Editor/Data/MonoBleedingEdge/lib/mono/unityjit-win32'
Mono config path = 'C:/Program Files/Unity/Hub/Editor/2023.2.18f1/Editor/Data/MonoBleedingEdge/etc'
Using monoOptions --debugger-agent=transport=dt_socket,embedding=1,server=y,suspend=n,address=127.0.0.1:56324
Begin MonoManager ReloadAssembly
C:\build\output\Unity-Technologies\mono\mono\metadata\icall.c:1842:
C:\build\output\Unity-Technologies\mono\mono\metadata\icall.c:1842:
C:\build\output\Unity-Technologies\mono\mono\metadata\icall.c:1842:
C:\build\output\Unity-Technologies\mono\mono\metadata\icall.c:1842:
C:\build\output\Unity-Technologies\mono\mono\metadata\icall.c:1842:
C:\build\output\Unity-Technologies\mono\mono\metadata\icall.c:1842:
C:\build\output\Unity-Technologies\mono\mono\metadata\icall.c:1842:
C:\build\output\Unity-Technologies\mono\mono\metadata\icall.c:1842:
C:\build\output\Unity-Technologies\mono\mono\metadata\icall.c:1842:
C:\build\output\Unity-Technologies\mono\mono\metadata\icall.c:1842:
Registering precompiled unity dll's ...
Register platform support module: C:/Program Files/Unity/Hub/Editor/2023.2.18f1/Editor/Data/PlaybackEngines/WebGLSupport/UnityEditor.WebGL.Extensions.dll
Register platform support module: C:/Program Files/Unity/Hub/Editor/2023.2.18f1/Editor/Data/PlaybackEngines/WindowsStandaloneSupport/UnityEditor.WindowsStandalone.Extensions.dll
Register platform support module: C:/Program Files/Unity/Hub/Editor/2023.2.18f1/Editor/Data/PlaybackEngines/MetroSupport/UnityEditor.UWP.Extensions.dll
Registered in 0.004723 seconds.
- Loaded All Assemblies, in  0.306 seconds
Native extension for UWP target not found
Native extension for WindowsStandalone target not found
Native extension for WebGL target not found
Mono: successfully reloaded assembly
C:\build\output\Unity-Technologies\mono\mono\metadata\icall.c:1842:
C:\build\output\Unity-Technologies\mono\mono\metadata\icall.c:1842:
- Finished resetting the current domain, in  0.262 seconds
Domain Reload Profiling: 566ms
	BeginReloadAssembly (105ms)
		ExecutionOrderSort (0ms)
		DisableScriptedObjects (0ms)
		BackupInstance (0ms)
		ReleaseScriptingObjects (0ms)
		CreateAndSetChildDomain (1ms)
	RebuildCommonClasses (28ms)
	RebuildNativeTypeToScriptingClass (10ms)
	initialDomainReloadingComplete (41ms)
	LoadAllAssembliesAndSetupDomain (120ms)
		LoadAssemblies (102ms)
		RebuildTransferFunctionScriptingTraits (0ms)
		AnalyzeDomain (118ms)
			TypeCache.Refresh (117ms)
				TypeCache.ScanAssembly (107ms)
			BuildScriptInfoCaches (0ms)
			ResolveRequiredComponents (0ms)
	FinalizeReload (262ms)
		ReleaseScriptCaches (0ms)
		RebuildScriptCaches (0ms)
		SetupLoadedEditorAssemblies (216ms)
			LogAssemblyErrors (0ms)
			InitializePlatformSupportModulesInManaged (35ms)
			SetLoadedEditorAssemblies (4ms)
			BeforeProcessingInitializeOnLoad (4ms)
			ProcessInitializeOnLoadAttributes (139ms)
			ProcessInitializeOnLoadMethodAttributes (34ms)
			AfterProcessingInitializeOnLoad (0ms)
			EditorAssembliesLoaded (0ms)
		ExecutionOrderSort2 (0ms)
		AwakeInstancesAfterBackupRestoration (0ms)
========================================================================
Worker process is ready to serve import requests
Import Worker Mode flag is 0x00
Begin MonoManager ReloadAssembly
C:\build\output\Unity-Technologies\mono\mono\metadata\icall.c:1842:
C:\build\output\Unity-Technologies\mono\mono\metadata\icall.c:1842:
C:\build\output\Unity-Technologies\mono\mono\metadata\icall.c:1842:
C:\build\output\Unity-Technologies\mono\mono\metadata\icall.c:1842:
C:\build\output\Unity-Technologies\mono\mono\metadata\icall.c:1842:
C:\build\output\Unity-Technologies\mono\mono\metadata\icall.c:1842:
C:\build\output\Unity-Technologies\mono\mono\metadata\icall.c:1842:
C:\build\output\Unity-Technologies\mono\mono\metadata\icall.c:1842:
C:\build\output\Unity-Technologies\mono\mono\metadata\icall.c:1842:
C:\build\output\Unity-Technologies\mono\mono\metadata\icall.c:1842:
C:\build\output\Unity-Technologies\mono\mono\metadata\icall.c:1842:
C:\build\output\Unity-Technologies\mono\mono\metadata\icall.c:1842:
Symbol file LoadedFromMemory doesn't match image H:\Unity\Chuuchuu\Library\PackageCache\com.unity.visualscripting@1.8.0\Editor\VisualScripting.Core\Dependencies\YamlDotNet\Unity.VisualScripting.YamlDotNet.dll
Symbol file LoadedFromMemory doesn't match image H:\Unity\Chuuchuu\Library\PackageCache\com.unity.visualscripting@1.8.0\Editor\VisualScripting.Core\Dependencies\DotNetZip\Unity.VisualScripting.IonicZip.dll
- Loaded All Assemblies, in  0.734 seconds
Refreshing native plugins compatible for Editor in 1.59 ms, found 3 plugins.
Native extension for UWP target not found
Native extension for WindowsStandalone target not found
Native extension for WebGL target not found
Mono: successfully reloaded assembly
Package Manager log level set to [2]
[Package Manager] Failed to launch server process. Reason: Unity was launched with the -noUpm command-line argument
[Package Manager] Unable to send message (not connected to server process).
[Package Manager] Cannot connect to Unity Package Manager local server
[Package Manager] Failed to launch server process. Reason: Unity was launched with the -noUpm command-line argument
[Package Manager] Unable to send message (not connected to server process).
[Package Manager] Cannot connect to Unity Package Manager local server
- Finished resetting the current domain, in  0.740 seconds
Domain Reload Profiling: 1471ms
	BeginReloadAssembly (293ms)
		ExecutionOrderSort (0ms)
		DisableScriptedObjects (5ms)
		BackupInstance (0ms)
		ReleaseScriptingObjects (0ms)
		CreateAndSetChildDomain (30ms)
	RebuildCommonClasses (28ms)
	RebuildNativeTypeToScriptingClass (10ms)
	initialDomainReloadingComplete (32ms)
	LoadAllAssembliesAndSetupDomain (368ms)
		LoadAssemblies (272ms)
		RebuildTransferFunctionScriptingTraits (0ms)
		AnalyzeDomain (175ms)
			TypeCache.Refresh (134ms)
				TypeCache.ScanAssembly (122ms)
			BuildScriptInfoCaches (29ms)
			ResolveRequiredComponents (9ms)
	FinalizeReload (741ms)
		ReleaseScriptCaches (0ms)
		RebuildScriptCaches (0ms)
		SetupLoadedEditorAssemblies (555ms)
			LogAssemblyErrors (0ms)
			InitializePlatformSupportModulesInManaged (10ms)
			SetLoadedEditorAssemblies (4ms)
			BeforeProcessingInitializeOnLoad (53ms)
			ProcessInitializeOnLoadAttributes (455ms)
			ProcessInitializeOnLoadMethodAttributes (29ms)
			AfterProcessingInitializeOnLoad (5ms)
			EditorAssembliesLoaded (0ms)
		ExecutionOrderSort2 (0ms)
		AwakeInstancesAfterBackupRestoration (8ms)
Launched and connected shader compiler UnityShaderCompiler.exe after 0.01 seconds
Refreshing native plugins compatible for Editor in 3.11 ms, found 3 plugins.
Preloading 0 native plugins for Editor in 0.00 ms.
Unloading 213 Unused Serialized files (Serialized files now loaded: 0)
Unloading 6461 unused Assets / (6.9 MB). Loaded Objects now: 7181.
Memory consumption went from 264.5 MB to 257.7 MB.
Total: 16.252200 ms (FindLiveObjects: 1.627000 ms CreateObjectMapping: 1.639100 ms MarkObjects: 9.216000 ms  DeleteObjects: 3.769100 ms)

========================================================================
Received Import Request.
  Time since last request: 4390.089009 seconds.
  path: Assets/PLAYER TWO/Platformer Project/Examples/Models/spikes_panel.fbx
  artifactKey: Guid(d1d049da5e539aa45b7a1cc1fc908c22) Importer(815301076,1909f56bfc062723c751e8b465ee728b)
Start importing Assets/PLAYER TWO/Platformer Project/Examples/Models/spikes_panel.fbx using Guid(d1d049da5e539aa45b7a1cc1fc908c22) Importer(815301076,1909f56bfc062723c751e8b465ee728b) (PreviewImporter) -> (artifact id: '1f72d72c976720382cc4e9b9aeafee34') in 0.3207466 seconds
Number of updated asset objects reloaded before import = 0Number of asset objects unloaded after import = 49

========================================================================
Received Import Request.
  Time since last request: 0.000025 seconds.
  path: Assets/Quibli/Demos/Kitchenware/Kitchenware Models Shared/Kitchenware_Spoon.fbx
  artifactKey: Guid(4efa0d320be4c4141a7df5adf49ff5cc) Importer(815301076,1909f56bfc062723c751e8b465ee728b)
Start importing Assets/Quibli/Demos/Kitchenware/Kitchenware Models Shared/Kitchenware_Spoon.fbx using Guid(4efa0d320be4c4141a7df5adf49ff5cc) Importer(815301076,1909f56bfc062723c751e8b465ee728b) (PreviewImporter) -> (artifact id: '9c74573db9049caf97889a06911be607') in 0.0246968 seconds
Number of updated asset objects reloaded before import = 0Number of asset objects unloaded after import = 31

========================================================================
Received Import Request.
  Time since last request: 0.000067 seconds.
  path: Assets/PLAYER TWO/Platformer Project/Examples/Scenes/TestLevelScene/SplineExtrude_Spline (2).asset
  artifactKey: Guid(b1729a272ff4f7e40a5c245820d24984) Importer(815301076,1909f56bfc062723c751e8b465ee728b)
Start importing Assets/PLAYER TWO/Platformer Project/Examples/Scenes/TestLevelScene/SplineExtrude_Spline (2).asset using Guid(b1729a272ff4f7e40a5c245820d24984) Importer(815301076,1909f56bfc062723c751e8b465ee728b) (PreviewImporter) -> (artifact id: '6d18342a5f46a0c062b4b57f1d0987ee') in 0.0114926 seconds
Number of updated asset objects reloaded before import = 0Number of asset objects unloaded after import = 2

========================================================================
Received Import Request.
  Time since last request: 0.000045 seconds.
  path: Assets/PLAYER TWO/Platformer Project/Examples/Models/Star.fbx
  artifactKey: Guid(01e7d2524df0cb94c9123df47c760d59) Importer(815301076,1909f56bfc062723c751e8b465ee728b)
Start importing Assets/PLAYER TWO/Platformer Project/Examples/Models/Star.fbx using Guid(01e7d2524df0cb94c9123df47c760d59) Importer(815301076,1909f56bfc062723c751e8b465ee728b) (PreviewImporter) -> (artifact id: '1816c8e1f6963224c87f3899ec3cd7fa') in 0.0192461 seconds
Number of updated asset objects reloaded before import = 0Number of asset objects unloaded after import = 31

========================================================================
Received Import Request.
  Time since last request: 0.000022 seconds.
  path: Assets/Quibli/Demos/City/Models/Sticker_2.fbx
  artifactKey: Guid(929a78580686d4ce6a3d069f7bdf0796) Importer(815301076,1909f56bfc062723c751e8b465ee728b)
Start importing Assets/Quibli/Demos/City/Models/Sticker_2.fbx using Guid(929a78580686d4ce6a3d069f7bdf0796) Importer(815301076,1909f56bfc062723c751e8b465ee728b) (PreviewImporter) -> (artifact id: 'dfb5c65795dcdb899200372510642e88') in 0.0157974 seconds
Number of updated asset objects reloaded before import = 0Number of asset objects unloaded after import = 31

========================================================================
Received Import Request.
  Time since last request: 0.000020 seconds.
  path: Assets/Quibli/Demos/City/Models/Sticker_4.fbx
  artifactKey: Guid(5bdb6a977dd974f57adcc8847f5567c0) Importer(815301076,1909f56bfc062723c751e8b465ee728b)
Start importing Assets/Quibli/Demos/City/Models/Sticker_4.fbx using Guid(5bdb6a977dd974f57adcc8847f5567c0) Importer(815301076,1909f56bfc062723c751e8b465ee728b) (PreviewImporter) -> (artifact id: '9730bb21c4d964c5a1e7683c83bdd1e1') in 0.0150159 seconds
Number of updated asset objects reloaded before import = 0Number of asset objects unloaded after import = 31

========================================================================
Received Import Request.
  Time since last request: 0.000018 seconds.
  path: Assets/Quibli/Demos/Sample Scene with Quibli/Models/Workshop_Set.fbx
  artifactKey: Guid(47616bd0cda748d4cbedcfc908506b9d) Importer(815301076,1909f56bfc062723c751e8b465ee728b)
Start importing Assets/Quibli/Demos/Sample Scene with Quibli/Models/Workshop_Set.fbx using Guid(47616bd0cda748d4cbedcfc908506b9d) Importer(815301076,1909f56bfc062723c751e8b465ee728b) (PreviewImporter) -> (artifact id: 'b44c7a029e7f27d174b899cbe44db052') in 0.0473311 seconds
Number of updated asset objects reloaded before import = 0Number of asset objects unloaded after import = 53

========================================================================
Received Import Request.
  Time since last request: 0.000027 seconds.
  path: Assets/PLAYER TWO/Platformer Project/Examples/Scenes/TestLevelScene 2/SplineExtrude_Spline Planet.asset
  artifactKey: Guid(143f03db7da827b45af697567c860f3d) Importer(815301076,1909f56bfc062723c751e8b465ee728b)
Start importing Assets/PLAYER TWO/Platformer Project/Examples/Scenes/TestLevelScene 2/SplineExtrude_Spline Planet.asset using Guid(143f03db7da827b45af697567c860f3d) Importer(815301076,1909f56bfc062723c751e8b465ee728b) (PreviewImporter) -> (artifact id: '4275930b37434cc1ed6891fd6bbf8d53') in 0.0117794 seconds
Number of updated asset objects reloaded before import = 0Number of asset objects unloaded after import = 2

========================================================================
Received Import Request.
  Time since last request: 0.000021 seconds.
  path: Assets/Quibli/Demos/Sample Scene with Quibli/Models/Workbench.fbx
  artifactKey: Guid(efe9381559c516743bd05cef82f39ebb) Importer(815301076,1909f56bfc062723c751e8b465ee728b)
Start importing Assets/Quibli/Demos/Sample Scene with Quibli/Models/Workbench.fbx using Guid(efe9381559c516743bd05cef82f39ebb) Importer(815301076,1909f56bfc062723c751e8b465ee728b) (PreviewImporter) -> (artifact id: '1590ca90333c4c8ae5de8bc3ba5f915e') in 0.0404043 seconds
Number of updated asset objects reloaded before import = 0Number of asset objects unloaded after import = 53

========================================================================
Received Import Request.
  Time since last request: 18.014363 seconds.
  path: Assets/ASSETS/New Material.mat
  artifactKey: Guid(6acbc5135c25d5142aed7b131d7d7aeb) Importer(815301076,1909f56bfc062723c751e8b465ee728b)
Start importing Assets/ASSETS/New Material.mat using Guid(6acbc5135c25d5142aed7b131d7d7aeb) Importer(815301076,1909f56bfc062723c751e8b465ee728b) (PreviewImporter) -> (artifact id: '094f76d0cef88db059bd95d87ef3ddc5') in 0.0218168 seconds
Number of updated asset objects reloaded before import = 1Number of asset objects unloaded after import = 2

========================================================================
Received Import Request.
  Time since last request: 125.490364 seconds.
  path: Assets/ASSETS/New Material.mat
  artifactKey: Guid(6acbc5135c25d5142aed7b131d7d7aeb) Importer(815301076,1909f56bfc062723c751e8b465ee728b)
Start importing Assets/ASSETS/New Material.mat using Guid(6acbc5135c25d5142aed7b131d7d7aeb) Importer(815301076,1909f56bfc062723c751e8b465ee728b) (PreviewImporter) -> (artifact id: 'fb2c1dcfce7b135e5f165680dfd4afbd') in 0.4642534 seconds
Number of updated asset objects reloaded before import = 0Number of asset objects unloaded after import = 3

========================================================================
Received Import Request.
  Time since last request: 2.882570 seconds.
  path: Assets/ASSETS/New Material.mat
  artifactKey: Guid(6acbc5135c25d5142aed7b131d7d7aeb) Importer(815301076,1909f56bfc062723c751e8b465ee728b)
Start importing Assets/ASSETS/New Material.mat using Guid(6acbc5135c25d5142aed7b131d7d7aeb) Importer(815301076,1909f56bfc062723c751e8b465ee728b) (PreviewImporter) -> (artifact id: 'e7ae949a1d980e56d5aac8bd642f457b') in 0.0132893 seconds
Number of updated asset objects reloaded before import = 0Number of asset objects unloaded after import = 3

